Starting Dynare (version 4.4.3).
Starting preprocessing of the model file ...
Substitution of endo lags >= 2: added 1 auxiliary variables and equations.
Found 35 equation(s).
Evaluating expressions...done
Computing static model derivatives:
 - order 1
Computing dynamic model derivatives:
 - order 1
Processing outputs ...done
Preprocessing completed.
Starting MATLAB/Octave computing.
[Warning: Some of the parameters have no value (gg, R_nom_ss) when using steady.
If these parameters are not initialized in a steadystate file, Dynare may not be
able to solve the model...] 
[> In <a href="matlab:matlab.internal.language.introspective.errorDocCallback('test_for_deep_parameters_calibration', 'C:\dynare\4.4.3\matlab\test_for_deep_parameters_calibration.m', 46)" style="font-weight:bold">test_for_deep_parameters_calibration</a> (<a href="matlab: opentoline('C:\dynare\4.4.3\matlab\test_for_deep_parameters_calibration.m',46,0)">line 46</a>)
  In <a href="matlab:matlab.internal.language.introspective.errorDocCallback('steady', 'C:\dynare\4.4.3\matlab\steady.m', 33)" style="font-weight:bold">steady</a> (<a href="matlab: opentoline('C:\dynare\4.4.3\matlab\steady.m',33,0)">line 33</a>)
  In <a href="matlab:matlab.internal.language.introspective.errorDocCallback('endogenous_growth_sticky', 'C:\Users\pedm\Documents\StickyPriceModel\endogenous_growth_sticky.m', 395)" style="font-weight:bold">endogenous_growth_sticky</a> (<a href="matlab: opentoline('C:\Users\pedm\Documents\StickyPriceModel\endogenous_growth_sticky.m',395,0)">line 395</a>)
  In <a href="matlab:matlab.internal.language.introspective.errorDocCallback('dynare', 'C:\dynare\4.4.3\matlab\dynare.m', 180)" style="font-weight:bold">dynare</a> (<a href="matlab: opentoline('C:\dynare\4.4.3\matlab\dynare.m',180,0)">line 180</a>)] 
resnorm too large
2nd try worked and gave better x1b

STEADY-STATE RESULTS:

g                 		 1.0118
ZD                		 893.32
lambda            		 2.48178e-05
VD                		 19.5827
M                 		 3.11749e-05
J                 		 0.000124173
H                 		 1.66148
Pi                		 0.101017
ND                		 0.00230715
YDW               		 0.331291
YD                		 0.331291
CD                		 0.265036
Lambda            		 0.948804
UCD               		 3.77349
muD               		 0.968819
L                 		 0.335367
GammaD            		 0.265002
KD                		 0.326982
Q                 		 1
ID                		 0.0361302
zeta              		 1
SD                		 2.16006
XD                		 0.0583594
RD                		 0.00230715
mkup              		 1.31576
pi                		 1
pi_star           		 1
x1D               		 23.7529
x2D               		 31.2531
R_nom             		 1.05396
f_fcn             		 1
f_fcn_prime       		 1
g_fcn             		 1
g_fcn_prime       		 1
resnorm too large
2nd try worked and gave better x1b

EIGENVALUES:
         Modulus             Real        Imaginary

       1.323e-13       -1.323e-13                0
        3.59e-13         3.59e-13                0
       3.879e-13       -3.879e-13                0
       0.0004017        0.0004017                0
        0.009647         0.009647                0
          0.7514           0.7514                0
          0.7935           0.7613           0.2236
          0.7935           0.7613          -0.2236
          0.8364           0.8364                0
          0.9741           0.9741                0
            1.04             1.04                0
           1.042            1.042                0
           1.042            1.042                0
           1.042            1.042                0
           1.068            1.068                0
           1.185            1.185                0
           1.363            1.343           0.2328
           1.363            1.343          -0.2328
           1.381            1.381                0
           206.1            206.1                0
             Inf              Inf                0
             Inf              Inf                0
             Inf              Inf                0
             Inf              Inf                0
             Inf              Inf                0
             Inf              Inf                0


There are 16 eigenvalue(s) larger than 1 in modulus 
for 16 forward-looking variable(s)

The rank condition is verified.

resnorm too large
2nd try worked and gave better x1b

MODEL SUMMARY

  Number of variables:         35
  Number of stochastic shocks: 1
  Number of state variables:   10
  Number of jumpers:           16
  Number of static variables:  12


MATRIX OF COVARIANCE OF EXOGENOUS SHOCKS

Variables     epsilon_chi 
epsilon_chi       1.000000

POLICY AND TRANSITION FUNCTIONS
                        g                ZD               lambda           VD               M                J                H                Pi               ND               YDW              YD               CD               Lambda           UCD              muD              L                GammaD           KD               Q                ID               zeta             SD               XD               RD               mkup             pi               pi_star          x1D              x2D              R_nom            f_fcn            f_fcn_prime      g_fcn            g_fcn_prime      
Constant                    0.011731        6.794945      -10.603951        2.974647      -10.375898       -8.993836        0.507712       -2.292471       -6.071742       -1.104758       -1.104758       -1.327890       -0.052553        1.327999       -0.031677       -1.092531       -1.328016       -1.117852               0       -3.320626               0        0.770136       -2.841135       -6.071742        0.274412               0               0        3.167706        3.442117        0.052553               0               0               0               0
g(-1)                      -0.031439       -1.000000       -0.449984       -1.000453       -0.558957       -0.110511       -0.128680       -0.433151       -1.008752       -0.389096       -0.389096       -0.257664       -0.742659        0.257341        0.090931       -0.088203       -0.265545       -0.935037        0.251339       -0.412076               0       -0.281523       -0.768972       -1.008752        0.044054               0       -0.092802       -0.167364       -0.074562       -0.004405               0       -0.089537               0        0.594861
ZD(-1)                      0.023793        0.978334        0.118780        0.989690        0.147545       -0.145288        0.053852        0.441615        0.219619        0.150379        0.150379        0.019536       -0.019649       -0.019649        0.403266        0.224447        0.019328        0.039100        0.125926        0.353856               0        0.124520        0.532193        0.219619       -0.291236               0        0.170263        0.265715        0.095453        0.029124               0        2.246817               0        0.358032
UCD(-1)                            0               0               0               0               0               0               0               0               0               0               0               0       -1.000000               0               0               0               0               0               0               0               0               0               0               0               0               0               0               0               0               0               0               0               0               0
GammaD(-1)                 -0.000089               0       -0.004088       -0.000004       -0.005079       -0.001243       -0.000395        0.008797       -0.000071       -0.001233       -0.001233       -0.001044        0.001070        0.001070        0.000184       -0.001840        0.009583        0.000030        0.000418        0.000268               0       -0.000329       -0.001025       -0.000071       -0.010029               0        0.000410        0.000410               0        0.001003               0       -0.000723               0        0.000271
KD(-1)                      0.007376               0        0.340428       -0.050289        0.422869        0.252541        0.060501       -0.278605        0.027385        0.149152        0.149152        0.232364       -0.232263       -0.232263       -0.741381       -0.269923        0.229897        0.816109       -0.339770       -0.664228               0        0.137699        0.217431        0.027385        0.427756               0       -0.083146       -0.110384       -0.027238       -0.042776               0        0.280161               0       -0.672066
zeta(-1)                    0.000538               0        0.024812        0.845045        0.030821       -0.005984        0.006898        0.020643        0.159855        0.007175        0.007175        0.000476       -0.000504       -0.000504        0.019786        0.010709        0.000471        0.003134        0.008509        0.028362        0.836780        0.013011        0.196354        0.159855       -0.013468               0        0.017736        0.028495        0.010759        0.001347               0        1.635393               0        0.028697
zeta(-2)                           0               0       -0.000010       -0.000339       -0.000012        0.000002       -0.000003       -0.000008       -0.000064       -0.000003       -0.000003               0               0               0       -0.000008       -0.000004               0       -0.000001       -0.000003       -0.000011       -0.000336       -0.000005       -0.000079       -0.000064        0.000005               0       -0.000007       -0.000011       -0.000004               0               0       -0.000657               0       -0.000012
VD(-1)                      0.000527        0.021666        0.002630        0.021917        0.003267       -0.003217        0.001193        0.009780        0.004864        0.003330        0.003330        0.000433       -0.000435       -0.000435        0.008930        0.004970        0.000428        0.000866        0.002789        0.007836               0        0.002758        0.011786        0.004864       -0.006450               0        0.003771        0.005884        0.002114        0.000645               0        0.049757               0        0.007929
ND(-1)                     -0.000003               0       -0.000151        0.038889       -0.000187       -0.001873        0.000562        0.009802        0.752140        0.004125        0.004125       -0.001797        0.001803        0.001803        0.013362        0.006156       -0.001777        0.000344        0.001698        0.003115               0        0.000794        0.003978        0.752140       -0.005677               0        0.001226        0.002365        0.001139        0.000568               0       -2.535728               0        0.003152
ID(-1)                     -0.000165               0       -0.007615        0.000249       -0.009459        0.009592        0.012968        0.241762        0.004814        0.083343        0.083343        0.008172       -0.007866       -0.007866        0.224706        0.124392        0.008085        0.078588       -0.042400        0.711229               0        0.016080        0.004609        0.004814       -0.158419               0        0.000278        0.003373        0.003095        0.015842               0        0.049254               0       -0.292178
epsilon_chi                 0.000316               0        0.014569        0.495978        0.018097       -0.003513        0.004050        0.012121        0.093850        0.004213        0.004213        0.000279       -0.000296       -0.000296        0.011617        0.006288        0.000277        0.001840        0.004996        0.016652        0.491125        0.007639        0.115297        0.093850       -0.007908               0        0.010414        0.016731        0.006317        0.000791               0        0.960128               0        0.016849
resnorm too large
2nd try worked and gave better x1b
resnorm too large
2nd try worked and gave better x1b
resnorm too large
2nd try worked and gave better x1b
Error: No ss or no irfs found
resnorm too large
2nd try worked and gave better x1b
resnorm too large
2nd try worked and gave better x1b
resnorm too large
2nd try worked and gave better x1b
resnorm too large
2nd try worked and gave better x1b
resnorm too large
2nd try worked and gave better x1b
resnorm too large
2nd try worked and gave better x1b
resnorm too large
2nd try worked and gave better x1b
Error: No ss or no irfs found
resnorm too large
2nd try worked and gave better x1b
resnorm too large
2nd try worked and gave better x1b
resnorm too large
2nd try worked and gave better x1b
resnorm too large
2nd try worked and gave better x1b
resnorm too large
2nd try worked and gave better x1b
resnorm too large
2nd try worked and gave better x1b
{Operation terminated by user during <a href="matlab:matlab.internal.language.introspective.errorDocCallback('fbnd', 'C:\Users\pedm\Documents\StickyPriceModel\fbnd.m', 6)" style="font-weight:bold">fbnd</a> (<a href="matlab: opentoline('C:\Users\pedm\Documents\StickyPriceModel\fbnd.m',6,0)">line 6</a>)

In finDiffEvalAndChkErr
In finitedifferences
In computeFinDiffGradAndJac
In <a href="matlab:matlab.internal.language.introspective.errorDocCallback('sfdnls', 'C:\Program Files\MATLAB\R2016a\toolbox\shared\optimlib\sfdnls.m', 97)" style="font-weight:bold">sfdnls</a> (<a href="matlab: opentoline('C:\Program Files\MATLAB\R2016a\toolbox\shared\optimlib\sfdnls.m',97,0)">line 97</a>)
        computeFinDiffGradAndJac(x,funfcn,confcn,valx, ...
In <a href="matlab:matlab.internal.language.introspective.errorDocCallback('snls', 'C:\Program Files\MATLAB\R2016a\toolbox\shared\optimlib\snls.p', 342)" style="font-weight:bold">snls</a> (<a href="matlab: opentoline('C:\Program Files\MATLAB\R2016a\toolbox\shared\optimlib\snls.p',342,0)">line 342</a>)
         [newA, findiffevals] = sfdnls(xcurr,newfvec,Jstr,group,[], ...
In <a href="matlab:matlab.internal.language.introspective.errorDocCallback('lsqncommon', 'C:\Program Files\MATLAB\R2016a\toolbox\shared\optimlib\lsqncommon.m', 166)" style="font-weight:bold">lsqncommon</a> (<a href="matlab: opentoline('C:\Program Files\MATLAB\R2016a\toolbox\shared\optimlib\lsqncommon.m',166,0)">line 166</a>)
            snls(funfcn,xC,lb,ub,flags.verbosity,options,defaultopt,initVals.F,initVals.J,caller,
            ...
In <a href="matlab:matlab.internal.language.introspective.errorDocCallback('lsqnonlin', 'C:\Program Files\MATLAB\R2016a\toolbox\optim\optim\lsqnonlin.m', 240)" style="font-weight:bold">lsqnonlin</a> (<a href="matlab: opentoline('C:\Program Files\MATLAB\R2016a\toolbox\optim\optim\lsqnonlin.m',240,0)">line 240</a>)
   lsqncommon(funfcn,xCurrent,lb,ub,options,defaultopt,caller,...
In <a href="matlab:matlab.internal.language.introspective.errorDocCallback('endogenous_growth_sticky_steadystate', 'C:\Users\pedm\Documents\StickyPriceModel\endogenous_growth_sticky_steadystate.m', 111)" style="font-weight:bold">endogenous_growth_sticky_steadystate</a> (<a href="matlab: opentoline('C:\Users\pedm\Documents\StickyPriceModel\endogenous_growth_sticky_steadystate.m',111,0)">line 111</a>)
    [x1b, RESNORM, ~, ~] = lsqnonlin(@fbnd,x0,lb, [Inf, 1], opts);
In <a href="matlab:matlab.internal.language.introspective.errorDocCallback('evaluate_steady_state_file', 'C:\dynare\4.4.3\matlab\evaluate_steady_state_file.m', 49)" style="font-weight:bold">evaluate_steady_state_file</a> (<a href="matlab: opentoline('C:\dynare\4.4.3\matlab\evaluate_steady_state_file.m',49,0)">line 49</a>)
        [ys,check] = h_steadystate(ys_init, exo_ss);
In <a href="matlab:matlab.internal.language.introspective.errorDocCallback('evaluate_steady_state', 'C:\dynare\4.4.3\matlab\evaluate_steady_state.m', 58)" style="font-weight:bold">evaluate_steady_state</a> (<a href="matlab: opentoline('C:\dynare\4.4.3\matlab\evaluate_steady_state.m',58,0)">line 58</a>)
        [ys,params,info] = evaluate_steady_state_file(ys_init,exo_ss,M, ...
In <a href="matlab:matlab.internal.language.introspective.errorDocCallback('resol', 'C:\dynare\4.4.3\matlab\resol.m', 104)" style="font-weight:bold">resol</a> (<a href="matlab: opentoline('C:\dynare\4.4.3\matlab\resol.m',104,0)">line 104</a>)
[dr.ys,M.params,info] = evaluate_steady_state(oo.steady_state,M,options,oo,0);
In <a href="matlab:matlab.internal.language.introspective.errorDocCallback('stoch_simul', 'C:\dynare\4.4.3\matlab\stoch_simul.m', 88)" style="font-weight:bold">stoch_simul</a> (<a href="matlab: opentoline